[GIN-debug] POST   /login                    --> gin-base/controllers.JwtLogin (3 handlers)
[GIN-debug] GET    /user/needAuth            --> gin-base/controllers.NeedAuth (4 handlers)
[GIN-debug] Loaded HTML Templates (6): 
	- main.html
	- 
	- footer.html
	- footer
	- header.html
	- header

[GIN-debug] GET    /testTemp                 --> gin-base/router.Init.func1 (3 handlers)
[GIN-debug] Listening and serving HTTP on :8080
[GIN-debug] [WARNING] Headers were already written. Wanted to override status code 200 with 500
[GIN] 2020/08/20 - 11:18:21 |[97;41m 500 [0m|    2.941163ms |             ::1 |[97;44m GET     [0m "/testTemp"
2020-08-20T11:21:11.774+0800	INFO	zap@v0.0.1/zap.go:46	/testTemp	{"status": 200, "method": "GET", "path": "/testTemp", "query": "", "ip": "::1", "user-agent": "Mozilla/5.0 (Macintosh; Intel Mac OS X 10_13_6) AppleWebKit/537.36 (KHTML, like Gecko) Chrome/78.0.3904.70 Safari/537.36", "time": "2020-08-20T11:21:11+08:00", "latency": 0.000555752}
2020-08-20T11:21:12.956+0800	INFO	zap@v0.0.1/zap.go:46	/testTemp	{"status": 200, "method": "GET", "path": "/testTemp", "query": "", "ip": "::1", "user-agent": "Mozilla/5.0 (Macintosh; Intel Mac OS X 10_13_6) AppleWebKit/537.36 (KHTML, like Gecko) Chrome/78.0.3904.70 Safari/537.36", "time": "2020-08-20T11:21:12+08:00", "latency": 0.000327032}
2020-08-20T11:21:24.826+0800	INFO	zap@v0.0.1/zap.go:46	/testTemp	{"status": 200, "method": "GET", "path": "/testTemp", "query": "", "ip": "::1", "user-agent": "Mozilla/5.0 (Macintosh; Intel Mac OS X 10_13_6) AppleWebKit/537.36 (KHTML, like Gecko) Chrome/78.0.3904.70 Safari/537.36", "time": "2020-08-20T11:21:24+08:00", "latency": 0.000727428}
2020-08-20T11:21:25.683+0800	INFO	zap@v0.0.1/zap.go:46	/testTemp	{"status": 200, "method": "GET", "path": "/testTemp", "query": "", "ip": "::1", "user-agent": "Mozilla/5.0 (Macintosh; Intel Mac OS X 10_13_6) AppleWebKit/537.36 (KHTML, like Gecko) Chrome/78.0.3904.70 Safari/537.36", "time": "2020-08-20T11:21:25+08:00", "latency": 0.000413161}
2020-08-20T11:21:41.853+0800	ERROR	zap@v0.0.1/zap.go:93	[Recovery from panic]	{"time": "2020-08-20T11:21:41.852+0800", "error": "template: header.html:6:17: executing \"header\" at <.title>: can't evaluate field title in type string", "request": "GET /testTemp HTTP/1.1\r\nHost: localhost:8080\r\nAccept: text/html,application/xhtml+xml,application/xml;q=0.9,image/webp,image/apng,*/*;q=0.8,application/signed-exchange;v=b3\r\nAccept-Encoding: gzip, deflate, br\r\nAccept-Language: zh-CN,zh;q=0.9,en;q=0.8\r\nCache-Control: max-age=0\r\nConnection: keep-alive\r\nCookie: colorCookie=color1; atlassian.xsrf.token=B2HD-G4ER-8F0Z-9RYI|d5ac82c0ca8bbe17ddf084f2dc30a041a85acdf6|lout; JSESSIONID=6ADC250ECD10DEEFD260C2412817DDE4; Admin-Token=admin-token; Hm_lvt_d214947968792b839fd669a4decaaffc=1596037028; _ga=GA1.1.995402100.1596682074; i18n_redirected=cn; Hm_lpvt_d214947968792b839fd669a4decaaffc=1596887980; Hm_lvt_bc38887aa5588add05a38704342ad7e8=1596982539; Hm_lpvt_bc38887aa5588add05a38704342ad7e8=1597386257\r\nSec-Fetch-Mode: navigate\r\nSec-Fetch-Site: cross-site\r\nSec-Fetch-User: ?1\r\nUpgrade-Insecure-Requests: 1\r\nUser-Agent: Mozilla/5.0 (Macintosh; Intel Mac OS X 10_13_6) AppleWebKit/537.36 (KHTML, like Gecko) Chrome/78.0.3904.70 Safari/537.36\r\n\r\n", "stack": "goroutine 38 [running]:\nruntime/debug.Stack(0x0, 0xc000370000, 0x3de)\n\t/usr/local/go/src/runtime/debug/stack.go:24 +0x9d\ngithub.com/gin-contrib/zap.RecoveryWithZap.func1.1(0xc00035c000, 0xc000300180, 0x1)\n\t/Users/lorin/go/pkg/mod/github.com/gin-contrib/zap@v0.0.1/zap.go:97 +0x2c1\npanic(0x171b180, 0xc0003043e0)\n\t/usr/local/go/src/runtime/panic.go:969 +0x166\ngithub.com/gin-gonic/gin.(*Context).Render(0xc00035c000, 0xc8, 0x1898b60, 0xc0003034d0)\n\t/Users/lorin/go/pkg/mod/github.com/gin-gonic/gin@v1.6.3/context.go:842 +0x173\ngithub.com/gin-gonic/gin.(*Context).HTML(0xc00035c000, 0xc8, 0x1786fcd, 0x9, 0x16dc780, 0xc000302db0)\n\t/Users/lorin/go/pkg/mod/github.com/gin-gonic/gin@v1.6.3/context.go:851 +0x99\ngin-base/router.Init.func1(0xc00035c000)\n\t/Users/lorin/Documents/go/gin-base/router/router.go:22 +0xbe\ngithub.com/gin-gonic/gin.(*Context).Next(0xc00035c000)\n\t/Users/lorin/go/pkg/mod/github.com/gin-gonic/gin@v1.6.3/context.go:161 +0x3b\ngithub.com/gin-contrib/zap.RecoveryWithZap.func1(0xc00035c000)\n\t/Users/lorin/go/pkg/mod/github.com/gin-contrib/zap@v0.0.1/zap.go:109 +0x68\ngithub.com/gin-gonic/gin.(*Context).Next(0xc00035c000)\n\t/Users/lorin/go/pkg/mod/github.com/gin-gonic/gin@v1.6.3/context.go:161 +0x3b\ngithub.com/gin-contrib/zap.Ginzap.func1(0xc00035c000)\n\t/Users/lorin/go/pkg/mod/github.com/gin-contrib/zap@v0.0.1/zap.go:32 +0xcc\ngithub.com/gin-gonic/gin.(*Context).Next(0xc00035c000)\n\t/Users/lorin/go/pkg/mod/github.com/gin-gonic/gin@v1.6.3/context.go:161 +0x3b\ngithub.com/gin-gonic/gin.(*Engine).handleHTTPRequest(0xc00032c000, 0xc00035c000)\n\t/Users/lorin/go/pkg/mod/github.com/gin-gonic/gin@v1.6.3/gin.go:409 +0x666\ngithub.com/gin-gonic/gin.(*Engine).ServeHTTP(0xc00032c000, 0x189d4a0, 0xc00032a1c0, 0xc000410000)\n\t/Users/lorin/go/pkg/mod/github.com/gin-gonic/gin@v1.6.3/gin.go:367 +0x14d\nnet/http.serverHandler.ServeHTTP(0xc00032a0e0, 0x189d4a0, 0xc00032a1c0, 0xc000410000)\n\t/usr/local/go/src/net/http/server.go:2807 +0xa3\nnet/http.(*conn).serve(0xc00031a140, 0x189f320, 0xc000034180)\n\t/usr/local/go/src/net/http/server.go:1895 +0x86c\ncreated by net/http.(*Server).Serve\n\t/usr/local/go/src/net/http/server.go:2933 +0x35c\n"}
2020-08-20T11:21:41.853+0800	INFO	zap@v0.0.1/zap.go:46	/testTemp	{"status": 500, "method": "GET", "path": "/testTemp", "query": "", "ip": "::1", "user-agent": "Mozilla/5.0 (Macintosh; Intel Mac OS X 10_13_6) AppleWebKit/537.36 (KHTML, like Gecko) Chrome/78.0.3904.70 Safari/537.36", "time": "2020-08-20T11:21:41+08:00", "latency": 0.001528573}
2020-08-20T11:23:01.661+0800	ERROR	zap@v0.0.1/zap.go:100	[Recovery from panic]	{"time": "2020-08-20T11:23:01.661+0800", "error": "template: header.html:6:17: executing \"header\" at <.title>: can't evaluate field title in type string", "request": "GET /testTemp HTTP/1.1\r\nHost: localhost:8080\r\nAccept: text/html,application/xhtml+xml,application/xml;q=0.9,image/webp,image/apng,*/*;q=0.8,application/signed-exchange;v=b3\r\nAccept-Encoding: gzip, deflate, br\r\nAccept-Language: zh-CN,zh;q=0.9,en;q=0.8\r\nCache-Control: max-age=0\r\nConnection: keep-alive\r\nCookie: colorCookie=color1; atlassian.xsrf.token=B2HD-G4ER-8F0Z-9RYI|d5ac82c0ca8bbe17ddf084f2dc30a041a85acdf6|lout; JSESSIONID=6ADC250ECD10DEEFD260C2412817DDE4; Admin-Token=admin-token; Hm_lvt_d214947968792b839fd669a4decaaffc=1596037028; _ga=GA1.1.995402100.1596682074; i18n_redirected=cn; Hm_lpvt_d214947968792b839fd669a4decaaffc=1596887980; Hm_lvt_bc38887aa5588add05a38704342ad7e8=1596982539; Hm_lpvt_bc38887aa5588add05a38704342ad7e8=1597386257\r\nSec-Fetch-Mode: navigate\r\nSec-Fetch-Site: cross-site\r\nSec-Fetch-User: ?1\r\nUpgrade-Insecure-Requests: 1\r\nUser-Agent: Mozilla/5.0 (Macintosh; Intel Mac OS X 10_13_6) AppleWebKit/537.36 (KHTML, like Gecko) Chrome/78.0.3904.70 Safari/537.36\r\n\r\n"}
2020-08-20T11:23:01.662+0800	INFO	zap@v0.0.1/zap.go:46	/testTemp	{"status": 500, "method": "GET", "path": "/testTemp", "query": "", "ip": "::1", "user-agent": "Mozilla/5.0 (Macintosh; Intel Mac OS X 10_13_6) AppleWebKit/537.36 (KHTML, like Gecko) Chrome/78.0.3904.70 Safari/537.36", "time": "2020-08-20T11:23:01+08:00", "latency": 0.000953655}
2020-08-20T11:29:01.971+0800	INFO	zap@v0.0.1/zap.go:46	/testTemp	{"status": 200, "method": "GET", "path": "/testTemp", "query": "", "ip": "::1", "user-agent": "Mozilla/5.0 (Macintosh; Intel Mac OS X 10_13_6) AppleWebKit/537.36 (KHTML, like Gecko) Chrome/78.0.3904.70 Safari/537.36", "time": "2020-08-20T11:29:01+08:00", "latency": 0.000646546}
2020-08-20T11:29:39.496+0800	INFO	zap@v0.0.1/zap.go:46	/testTemp	{"status": 200, "method": "GET", "path": "/testTemp", "query": "", "ip": "::1", "user-agent": "Mozilla/5.0 (Macintosh; Intel Mac OS X 10_13_6) AppleWebKit/537.36 (KHTML, like Gecko) Chrome/78.0.3904.70 Safari/537.36", "time": "2020-08-20T11:29:39+08:00", "latency": 0.000440207}
2020-08-20T11:29:39.672+0800	INFO	zap@v0.0.1/zap.go:46	/testTemp	{"status": 200, "method": "GET", "path": "/testTemp", "query": "", "ip": "::1", "user-agent": "Mozilla/5.0 (Macintosh; Intel Mac OS X 10_13_6) AppleWebKit/537.36 (KHTML, like Gecko) Chrome/78.0.3904.70 Safari/537.36", "time": "2020-08-20T11:29:39+08:00", "latency": 0.000387195}
2020-08-20T11:29:39.840+0800	INFO	zap@v0.0.1/zap.go:46	/testTemp	{"status": 200, "method": "GET", "path": "/testTemp", "query": "", "ip": "::1", "user-agent": "Mozilla/5.0 (Macintosh; Intel Mac OS X 10_13_6) AppleWebKit/537.36 (KHTML, like Gecko) Chrome/78.0.3904.70 Safari/537.36", "time": "2020-08-20T11:29:39+08:00", "latency": 0.0004428}
2020-08-20T11:31:26.178+0800	INFO	/testTemp	{"status": 200, "method": "GET", "path": "/testTemp", "query": "", "ip": "::1", "user-agent": "Mozilla/5.0 (Macintosh; Intel Mac OS X 10_13_6) AppleWebKit/537.36 (KHTML, like Gecko) Chrome/78.0.3904.70 Safari/537.36", "time": "2020-08-20T11:31:26+08:00", "latency": 0}
2020-08-20T11:32:01.280+0800	INFO	/testTemp	{"status": 200, "method": "GET", "path": "/testTemp", "query": "", "ip": "::1", "user-agent": "Mozilla/5.0 (Macintosh; Intel Mac OS X 10_13_6) AppleWebKit/537.36 (KHTML, like Gecko) Chrome/78.0.3904.70 Safari/537.36", "time": "2020-08-20T11:32:01+08:00", "latency": "666.054µs"}
2020-08-20T11:32:07.111+0800	INFO	/testTemp	{"status": 200, "method": "GET", "path": "/testTemp", "query": "", "ip": "::1", "user-agent": "Mozilla/5.0 (Macintosh; Intel Mac OS X 10_13_6) AppleWebKit/537.36 (KHTML, like Gecko) Chrome/78.0.3904.70 Safari/537.36", "time": "2020-08-20T11:32:07+08:00", "latency": "373.753µs"}
2020-08-20T11:32:07.310+0800	INFO	/testTemp	{"status": 200, "method": "GET", "path": "/testTemp", "query": "", "ip": "::1", "user-agent": "Mozilla/5.0 (Macintosh; Intel Mac OS X 10_13_6) AppleWebKit/537.36 (KHTML, like Gecko) Chrome/78.0.3904.70 Safari/537.36", "time": "2020-08-20T11:32:07+08:00", "latency": "334.167µs"}
2020-08-20T11:32:15.089+0800	INFO	/testTemp	{"status": 200, "method": "GET", "path": "/testTemp", "query": "", "ip": "::1", "user-agent": "Mozilla/5.0 (Macintosh; Intel Mac OS X 10_13_6) AppleWebKit/537.36 (KHTML, like Gecko) Chrome/78.0.3904.70 Safari/537.36", "time": "2020-08-20T11:32:15+08:00", "latency": "387.639µs"}
2020-08-20T11:32:15.270+0800	INFO	/testTemp	{"status": 200, "method": "GET", "path": "/testTemp", "query": "", "ip": "::1", "user-agent": "Mozilla/5.0 (Macintosh; Intel Mac OS X 10_13_6) AppleWebKit/537.36 (KHTML, like Gecko) Chrome/78.0.3904.70 Safari/537.36", "time": "2020-08-20T11:32:15+08:00", "latency": "373.335µs"}
2020-08-20T11:32:59.253+0800	INFO	/testTemp	{"status": 200, "method": "GET", "path": "/testTemp", "query": "", "ip": "::1", "user-agent": "Mozilla/5.0 (Macintosh; Intel Mac OS X 10_13_6) AppleWebKit/537.36 (KHTML, like Gecko) Chrome/78.0.3904.70 Safari/537.36", "time": "2020-08-20T11:32:59+08:00", "latency": "604.097µs"}
2020-08-20T11:32:59.690+0800	INFO	/testTemp	{"status": 200, "method": "GET", "path": "/testTemp", "query": "", "ip": "::1", "user-agent": "Mozilla/5.0 (Macintosh; Intel Mac OS X 10_13_6) AppleWebKit/537.36 (KHTML, like Gecko) Chrome/78.0.3904.70 Safari/537.36", "time": "2020-08-20T11:32:59+08:00", "latency": "428.642µs"}
2020-08-20T11:33:00.068+0800	INFO	/testTemp	{"status": 200, "method": "GET", "path": "/testTemp", "query": "", "ip": "::1", "user-agent": "Mozilla/5.0 (Macintosh; Intel Mac OS X 10_13_6) AppleWebKit/537.36 (KHTML, like Gecko) Chrome/78.0.3904.70 Safari/537.36", "time": "2020-08-20T11:33:00+08:00", "latency": "338.59µs"}
2020-08-20T11:33:00.474+0800	INFO	/testTemp	{"status": 200, "method": "GET", "path": "/testTemp", "query": "", "ip": "::1", "user-agent": "Mozilla/5.0 (Macintosh; Intel Mac OS X 10_13_6) AppleWebKit/537.36 (KHTML, like Gecko) Chrome/78.0.3904.70 Safari/537.36", "time": "2020-08-20T11:33:00+08:00", "latency": "363.305µs"}
2020-08-20T11:33:00.877+0800	INFO	/testTemp	{"status": 200, "method": "GET", "path": "/testTemp", "query": "", "ip": "::1", "user-agent": "Mozilla/5.0 (Macintosh; Intel Mac OS X 10_13_6) AppleWebKit/537.36 (KHTML, like Gecko) Chrome/78.0.3904.70 Safari/537.36", "time": "2020-08-20T11:33:00+08:00", "latency": "444.54µs"}
INFO	/testTemp	{"status": 200, "method": "GET", "path": "/testTemp", "query": "", "ip": "::1", "user-agent": "Mozilla/5.0 (Macintosh; Intel Mac OS X 10_13_6) AppleWebKit/537.36 (KHTML, like Gecko) Chrome/78.0.3904.70 Safari/537.36", "time": "2020-08-20T11:34:29+08:00", "latency": "638.823µs"}
INFO	/testTemp	{"status": 200, "method": "GET", "path": "/testTemp", "query": "", "ip": "::1", "user-agent": "Mozilla/5.0 (Macintosh; Intel Mac OS X 10_13_6) AppleWebKit/537.36 (KHTML, like Gecko) Chrome/78.0.3904.70 Safari/537.36", "time": "2020-08-20T11:34:30+08:00", "latency": "364.809µs"}
2020-08-20T11:35:05.350+0800	INFO	/testTemp	{"status": 200, "method": "GET", "path": "/testTemp", "query": "", "ip": "::1", "user-agent": "Mozilla/5.0 (Macintosh; Intel Mac OS X 10_13_6) AppleWebKit/537.36 (KHTML, like Gecko) Chrome/78.0.3904.70 Safari/537.36", "time": "2020-08-20T11:35:05+08:00", "latency": "581.416µs"}
2020-08-20T11:35:05.597+0800	INFO	/testTemp	{"status": 200, "method": "GET", "path": "/testTemp", "query": "", "ip": "::1", "user-agent": "Mozilla/5.0 (Macintosh; Intel Mac OS X 10_13_6) AppleWebKit/537.36 (KHTML, like Gecko) Chrome/78.0.3904.70 Safari/537.36", "time": "2020-08-20T11:35:05+08:00", "latency": "341.565µs"}
2020-08-20T11:37:22.236+0800	INFO	/testTemp	{"status": 200, "method": "GET", "path": "/testTemp", "query": "", "ip": "::1", "user-agent": "Mozilla/5.0 (Macintosh; Intel Mac OS X 10_13_6) AppleWebKit/537.36 (KHTML, like Gecko) Chrome/78.0.3904.70 Safari/537.36", "latency": "732.675µs"}
2020-08-20T11:38:20.011+0800	INFO	/testTemp	{"status": 200, "method": "GET", "path": "/testTemp", "query": "", "ip": "::1", "user-agent": "Mozilla/5.0 (Macintosh; Intel Mac OS X 10_13_6) AppleWebKit/537.36 (KHTML, like Gecko) Chrome/78.0.3904.70 Safari/537.36", "latency": "354.728µs"}
2020-08-20T11:38:22.637+0800	INFO	/testTemp	{"status": 200, "method": "GET", "path": "/testTemp", "query": "", "ip": "::1", "user-agent": "Mozilla/5.0 (Macintosh; Intel Mac OS X 10_13_6) AppleWebKit/537.36 (KHTML, like Gecko) Chrome/78.0.3904.70 Safari/537.36", "latency": "447.576µs"}
2020-08-20T11:38:22.884+0800	INFO	/testTemp	{"status": 200, "method": "GET", "path": "/testTemp", "query": "", "ip": "::1", "user-agent": "Mozilla/5.0 (Macintosh; Intel Mac OS X 10_13_6) AppleWebKit/537.36 (KHTML, like Gecko) Chrome/78.0.3904.70 Safari/537.36", "latency": "350.282µs"}
2020-08-20T11:38:23.092+0800	INFO	/testTemp	{"status": 200, "method": "GET", "path": "/testTemp", "query": "", "ip": "::1", "user-agent": "Mozilla/5.0 (Macintosh; Intel Mac OS X 10_13_6) AppleWebKit/537.36 (KHTML, like Gecko) Chrome/78.0.3904.70 Safari/537.36", "latency": "393.187µs"}
2020-08-20T11:38:23.276+0800	INFO	/testTemp	{"status": 200, "method": "GET", "path": "/testTemp", "query": "", "ip": "::1", "user-agent": "Mozilla/5.0 (Macintosh; Intel Mac OS X 10_13_6) AppleWebKit/537.36 (KHTML, like Gecko) Chrome/78.0.3904.70 Safari/537.36", "latency": "398.193µs"}
2020-08-20T11:38:23.460+0800	INFO	/testTemp	{"status": 200, "method": "GET", "path": "/testTemp", "query": "", "ip": "::1", "user-agent": "Mozilla/5.0 (Macintosh; Intel Mac OS X 10_13_6) AppleWebKit/537.36 (KHTML, like Gecko) Chrome/78.0.3904.70 Safari/537.36", "latency": "347.476µs"}
2020-08-20T11:38:23.612+0800	INFO	/testTemp	{"status": 200, "method": "GET", "path": "/testTemp", "query": "", "ip": "::1", "user-agent": "Mozilla/5.0 (Macintosh; Intel Mac OS X 10_13_6) AppleWebKit/537.36 (KHTML, like Gecko) Chrome/78.0.3904.70 Safari/537.36", "latency": "379.947µs"}
2020-08-20T11:39:12.889+0800	INFO	/testTemp	{"status": 200, "method": "GET", "path": "/testTemp", "query": "", "ip": "::1", "user-agent": "Mozilla/5.0 (Macintosh; Intel Mac OS X 10_13_6) AppleWebKit/537.36 (KHTML, like Gecko) Chrome/78.0.3904.70 Safari/537.36", "latency": "529.056µs"}
2020-08-20T11:39:13.116+0800	INFO	/testTemp	{"status": 200, "method": "GET", "path": "/testTemp", "query": "", "ip": "::1", "user-agent": "Mozilla/5.0 (Macintosh; Intel Mac OS X 10_13_6) AppleWebKit/537.36 (KHTML, like Gecko) Chrome/78.0.3904.70 Safari/537.36", "latency": "407.412µs"}
2020-08-20T11:39:13.363+0800	INFO	/testTemp	{"status": 200, "method": "GET", "path": "/testTemp", "query": "", "ip": "::1", "user-agent": "Mozilla/5.0 (Macintosh; Intel Mac OS X 10_13_6) AppleWebKit/537.36 (KHTML, like Gecko) Chrome/78.0.3904.70 Safari/537.36", "latency": "510.47µs"}
2020-08-20T11:39:13.587+0800	INFO	/testTemp	{"status": 200, "method": "GET", "path": "/testTemp", "query": "", "ip": "::1", "user-agent": "Mozilla/5.0 (Macintosh; Intel Mac OS X 10_13_6) AppleWebKit/537.36 (KHTML, like Gecko) Chrome/78.0.3904.70 Safari/537.36", "latency": "347.729µs"}
2020-08-20T11:39:13.771+0800	INFO	/testTemp	{"status": 200, "method": "GET", "path": "/testTemp", "query": "", "ip": "::1", "user-agent": "Mozilla/5.0 (Macintosh; Intel Mac OS X 10_13_6) AppleWebKit/537.36 (KHTML, like Gecko) Chrome/78.0.3904.70 Safari/537.36", "latency": "435.242µs"}
2020-08-20T11:41:50+08:00	INFO	/testTemp	{"status": 200, "method": "GET", "path": "/testTemp", "query": "", "ip": "::1", "user-agent": "Mozilla/5.0 (Macintosh; Intel Mac OS X 10_13_6) AppleWebKit/537.36 (KHTML, like Gecko) Chrome/78.0.3904.70 Safari/537.36", "latency": "708.09µs"}
1.597894953847976e+09	INFO	/testTemp	{"status": 200, "method": "GET", "path": "/testTemp", "query": "", "ip": "::1", "user-agent": "Mozilla/5.0 (Macintosh; Intel Mac OS X 10_13_6) AppleWebKit/537.36 (KHTML, like Gecko) Chrome/78.0.3904.70 Safari/537.36", "latency": "573.516µs"}
1.597894954047292e+09	INFO	/testTemp	{"status": 200, "method": "GET", "path": "/testTemp", "query": "", "ip": "::1", "user-agent": "Mozilla/5.0 (Macintosh; Intel Mac OS X 10_13_6) AppleWebKit/537.36 (KHTML, like Gecko) Chrome/78.0.3904.70 Safari/537.36", "latency": "453.489µs"}
1.5978949542309592e+09	INFO	/testTemp	{"status": 200, "method": "GET", "path": "/testTemp", "query": "", "ip": "::1", "user-agent": "Mozilla/5.0 (Macintosh; Intel Mac OS X 10_13_6) AppleWebKit/537.36 (KHTML, like Gecko) Chrome/78.0.3904.70 Safari/537.36", "latency": "334.669µs"}
1.597894954398716e+09	INFO	/testTemp	{"status": 200, "method": "GET", "path": "/testTemp", "query": "", "ip": "::1", "user-agent": "Mozilla/5.0 (Macintosh; Intel Mac OS X 10_13_6) AppleWebKit/537.36 (KHTML, like Gecko) Chrome/78.0.3904.70 Safari/537.36", "latency": "328.386µs"}
1.597894954567017e+09	INFO	/testTemp	{"status": 200, "method": "GET", "path": "/testTemp", "query": "", "ip": "::1", "user-agent": "Mozilla/5.0 (Macintosh; Intel Mac OS X 10_13_6) AppleWebKit/537.36 (KHTML, like Gecko) Chrome/78.0.3904.70 Safari/537.36", "latency": "354.075µs"}
2020-08-20T11:42:49+08:00	INFO	/testTemp	{"status": 200, "method": "GET", "path": "/testTemp", "query": "", "ip": "::1", "user-agent": "Mozilla/5.0 (Macintosh; Intel Mac OS X 10_13_6) AppleWebKit/537.36 (KHTML, like Gecko) Chrome/78.0.3904.70 Safari/537.36", "latency": "575.364µs"}
2020-08-20T11:42:49+08:00	INFO	/testTemp	{"status": 200, "method": "GET", "path": "/testTemp", "query": "", "ip": "::1", "user-agent": "Mozilla/5.0 (Macintosh; Intel Mac OS X 10_13_6) AppleWebKit/537.36 (KHTML, like Gecko) Chrome/78.0.3904.70 Safari/537.36", "latency": "450.638µs"}
2020-08-20T11:42:49+08:00	INFO	/testTemp	{"status": 200, "method": "GET", "path": "/testTemp", "query": "", "ip": "::1", "user-agent": "Mozilla/5.0 (Macintosh; Intel Mac OS X 10_13_6) AppleWebKit/537.36 (KHTML, like Gecko) Chrome/78.0.3904.70 Safari/537.36", "latency": "363.656µs"}
2020-08-20T11:42:49+08:00	INFO	/testTemp	{"status": 200, "method": "GET", "path": "/testTemp", "query": "", "ip": "::1", "user-agent": "Mozilla/5.0 (Macintosh; Intel Mac OS X 10_13_6) AppleWebKit/537.36 (KHTML, like Gecko) Chrome/78.0.3904.70 Safari/537.36", "latency": "385.155µs"}
2020-08-20T11:42:49+08:00	INFO	/testTemp	{"status": 200, "method": "GET", "path": "/testTemp", "query": "", "ip": "::1", "user-agent": "Mozilla/5.0 (Macintosh; Intel Mac OS X 10_13_6) AppleWebKit/537.36 (KHTML, like Gecko) Chrome/78.0.3904.70 Safari/537.36", "latency": "426.797µs"}
2020-08-20T11:42:50+08:00	INFO	/testTemp	{"status": 200, "method": "GET", "path": "/testTemp", "query": "", "ip": "::1", "user-agent": "Mozilla/5.0 (Macintosh; Intel Mac OS X 10_13_6) AppleWebKit/537.36 (KHTML, like Gecko) Chrome/78.0.3904.70 Safari/537.36", "latency": "338.861µs"}
2020-08-20T11:42:50+08:00	INFO	/testTemp	{"status": 200, "method": "GET", "path": "/testTemp", "query": "", "ip": "::1", "user-agent": "Mozilla/5.0 (Macintosh; Intel Mac OS X 10_13_6) AppleWebKit/537.36 (KHTML, like Gecko) Chrome/78.0.3904.70 Safari/537.36", "latency": "444.538µs"}
2020-08-20T11:42:50+08:00	INFO	/testTemp	{"status": 200, "method": "GET", "path": "/testTemp", "query": "", "ip": "::1", "user-agent": "Mozilla/5.0 (Macintosh; Intel Mac OS X 10_13_6) AppleWebKit/537.36 (KHTML, like Gecko) Chrome/78.0.3904.70 Safari/537.36", "latency": "429.46µs"}
2020-08-20T11:42:50+08:00	INFO	/testTemp	{"status": 200, "method": "GET", "path": "/testTemp", "query": "", "ip": "::1", "user-agent": "Mozilla/5.0 (Macintosh; Intel Mac OS X 10_13_6) AppleWebKit/537.36 (KHTML, like Gecko) Chrome/78.0.3904.70 Safari/537.36", "latency": "371.054µs"}
2020-08-20T11:42:50+08:00	INFO	/testTemp	{"status": 200, "method": "GET", "path": "/testTemp", "query": "", "ip": "::1", "user-agent": "Mozilla/5.0 (Macintosh; Intel Mac OS X 10_13_6) AppleWebKit/537.36 (KHTML, like Gecko) Chrome/78.0.3904.70 Safari/537.36", "latency": "433.551µs"}
2020-08-20T11:43:21+08:00	INFO	/testTemp	{"status": 200, "method": "GET", "path": "/testTemp", "query": "", "ip": "::1", "user-agent": "PostmanRuntime/7.26.1", "latency": "349.767µs"}
2020-08-20T11:43:26+08:00	INFO	/testTemp	{"status": 200, "method": "GET", "path": "/testTemp", "query": "", "ip": "::1", "user-agent": "PostmanRuntime/7.26.1", "latency": "1.663459ms"}
2020-08-20T11:43:27+08:00	INFO	/testTemp	{"status": 200, "method": "GET", "path": "/testTemp", "query": "", "ip": "::1", "user-agent": "PostmanRuntime/7.26.1", "latency": "314.226µs"}
2020-08-20T11:43:28+08:00	INFO	/testTemp	{"status": 200, "method": "GET", "path": "/testTemp", "query": "", "ip": "::1", "user-agent": "PostmanRuntime/7.26.1", "latency": "464.261µs"}
2020-08-20T11:43:28+08:00	INFO	/testTemp	{"status": 200, "method": "GET", "path": "/testTemp", "query": "", "ip": "::1", "user-agent": "PostmanRuntime/7.26.1", "latency": "517.095µs"}
2020-08-20T11:43:29+08:00	INFO	/testTemp	{"status": 200, "method": "GET", "path": "/testTemp", "query": "", "ip": "::1", "user-agent": "PostmanRuntime/7.26.1", "latency": "551.649µs"}
2020-08-20T11:43:29+08:00	INFO	/testTemp	{"status": 200, "method": "GET", "path": "/testTemp", "query": "", "ip": "::1", "user-agent": "PostmanRuntime/7.26.1", "latency": "375.221µs"}
2020-08-20T11:43:30+08:00	INFO	/testTemp	{"status": 200, "method": "GET", "path": "/testTemp", "query": "", "ip": "::1", "user-agent": "PostmanRuntime/7.26.1", "latency": "291.815µs"}
2020-08-20T11:43:30+08:00	INFO	/testTemp	{"status": 200, "method": "GET", "path": "/testTemp", "query": "", "ip": "::1", "user-agent": "PostmanRuntime/7.26.1", "latency": "499.321µs"}
2020-08-20T11:43:31+08:00	INFO	/testTemp	{"status": 200, "method": "GET", "path": "/testTemp", "query": "", "ip": "::1", "user-agent": "PostmanRuntime/7.26.1", "latency": "445.169µs"}
2020-08-20T11:43:31+08:00	INFO	/testTemp	{"status": 200, "method": "GET", "path": "/testTemp", "query": "", "ip": "::1", "user-agent": "PostmanRuntime/7.26.1", "latency": "360.919µs"}
2020-08-20T11:43:32+08:00	INFO	/testTemp	{"status": 200, "method": "GET", "path": "/testTemp", "query": "", "ip": "::1", "user-agent": "PostmanRuntime/7.26.1", "latency": "474.953µs"}
2020-08-20T11:43:32+08:00	INFO	/testTemp	{"status": 200, "method": "GET", "path": "/testTemp", "query": "", "ip": "::1", "user-agent": "PostmanRuntime/7.26.1", "latency": "451.869µs"}
2020-08-20T11:43:33+08:00	INFO	/testTemp	{"status": 200, "method": "GET", "path": "/testTemp", "query": "", "ip": "::1", "user-agent": "PostmanRuntime/7.26.1", "latency": "521.864µs"}
2020-08-20T11:43:34+08:00	INFO	/testTemp	{"status": 200, "method": "GET", "path": "/testTemp", "query": "", "ip": "::1", "user-agent": "PostmanRuntime/7.26.1", "latency": "520.875µs"}
2020-08-20T11:43:34+08:00	INFO	/testTemp	{"status": 200, "method": "GET", "path": "/testTemp", "query": "", "ip": "::1", "user-agent": "PostmanRuntime/7.26.1", "latency": "415.773µs"}
2020-08-20T11:43:35+08:00	INFO	/testTemp	{"status": 200, "method": "GET", "path": "/testTemp", "query": "", "ip": "::1", "user-agent": "PostmanRuntime/7.26.1", "latency": "359.82µs"}
2020-08-20T11:43:36+08:00	INFO	/testTemp	{"status": 200, "method": "GET", "path": "/testTemp", "query": "", "ip": "::1", "user-agent": "PostmanRuntime/7.26.1", "latency": "369.983µs"}
2020-08-20T11:45:05+08:00	INFO	/testTemp	{"status": 200, "method": "GET", "path": "/testTemp", "query": "", "ip": "::1", "user-agent": "PostmanRuntime/7.26.1", "latency": "505.705µs"}
2020-08-20T11:45:06+08:00	INFO	/testTemp	{"status": 200, "method": "GET", "path": "/testTemp", "query": "", "ip": "::1", "user-agent": "PostmanRuntime/7.26.1", "latency": "45.027µs"}
2020-08-20T11:45:07+08:00	INFO	/testTemp	{"status": 200, "method": "GET", "path": "/testTemp", "query": "", "ip": "::1", "user-agent": "PostmanRuntime/7.26.1", "latency": "67.42µs"}
2020-08-20T11:45:09+08:00	INFO	/testTemp	{"status": 200, "method": "GET", "path": "/testTemp", "query": "", "ip": "::1", "user-agent": "PostmanRuntime/7.26.1", "latency": "48.592µs"}
2020-08-20T11:45:09+08:00	INFO	/testTemp	{"status": 200, "method": "GET", "path": "/testTemp", "query": "", "ip": "::1", "user-agent": "PostmanRuntime/7.26.1", "latency": "66.425µs"}
2020-08-20T11:45:10+08:00	INFO	/testTemp	{"status": 200, "method": "GET", "path": "/testTemp", "query": "", "ip": "::1", "user-agent": "PostmanRuntime/7.26.1", "latency": "36.293µs"}
2020-08-20T11:45:10+08:00	INFO	/testTemp	{"status": 200, "method": "GET", "path": "/testTemp", "query": "", "ip": "::1", "user-agent": "PostmanRuntime/7.26.1", "latency": "67.411µs"}
2020-08-20T11:45:11+08:00	INFO	/testTemp	{"status": 200, "method": "GET", "path": "/testTemp", "query": "", "ip": "::1", "user-agent": "PostmanRuntime/7.26.1", "latency": "45.441µs"}
2020-08-20T11:45:11+08:00	INFO	/testTemp	{"status": 200, "method": "GET", "path": "/testTemp", "query": "", "ip": "::1", "user-agent": "PostmanRuntime/7.26.1", "latency": "49.622µs"}
2020-08-20T11:45:12+08:00	INFO	/testTemp	{"status": 200, "method": "GET", "path": "/testTemp", "query": "", "ip": "::1", "user-agent": "PostmanRuntime/7.26.1", "latency": "44.742µs"}
2020-08-20T11:45:12+08:00	INFO	/testTemp	{"status": 200, "method": "GET", "path": "/testTemp", "query": "", "ip": "::1", "user-agent": "PostmanRuntime/7.26.1", "latency": "49.047µs"}
2020-08-20T11:45:12+08:00	INFO	/testTemp	{"status": 200, "method": "GET", "path": "/testTemp", "query": "", "ip": "::1", "user-agent": "PostmanRuntime/7.26.1", "latency": "74.142µs"}
2020-08-20T11:45:30+08:00	INFO	/testTemp	{"status": 200, "method": "GET", "path": "/testTemp", "query": "", "ip": "::1", "user-agent": "PostmanRuntime/7.26.1", "latency": "69.906µs"}
2020-08-20T11:45:30+08:00	INFO	/testTemp	{"status": 200, "method": "GET", "path": "/testTemp", "query": "", "ip": "::1", "user-agent": "PostmanRuntime/7.26.1", "latency": "75.62µs"}
2020-08-20T11:45:31+08:00	INFO	/testTemp	{"status": 200, "method": "GET", "path": "/testTemp", "query": "", "ip": "::1", "user-agent": "PostmanRuntime/7.26.1", "latency": "93.908µs"}
2020-08-20T11:45:31+08:00	INFO	/testTemp	{"status": 200, "method": "GET", "path": "/testTemp", "query": "", "ip": "::1", "user-agent": "PostmanRuntime/7.26.1", "latency": "58.595µs"}
2020-08-20T11:45:32+08:00	INFO	/testTemp	{"status": 200, "method": "GET", "path": "/testTemp", "query": "", "ip": "::1", "user-agent": "PostmanRuntime/7.26.1", "latency": "43.499µs"}
2020-08-20T11:45:33+08:00	INFO	/testTemp	{"status": 200, "method": "GET", "path": "/testTemp", "query": "", "ip": "::1", "user-agent": "PostmanRuntime/7.26.1", "latency": "69.783µs"}
2020-08-20T11:45:33+08:00	INFO	/testTemp	{"status": 200, "method": "GET", "path": "/testTemp", "query": "", "ip": "::1", "user-agent": "PostmanRuntime/7.26.1", "latency": "41.697µs"}
2020-08-20T11:45:34+08:00	INFO	/testTemp	{"status": 200, "method": "GET", "path": "/testTemp", "query": "", "ip": "::1", "user-agent": "PostmanRuntime/7.26.1", "latency": "56.464µs"}
2020-08-20T11:45:34+08:00	INFO	/testTemp	{"status": 200, "method": "GET", "path": "/testTemp", "query": "", "ip": "::1", "user-agent": "PostmanRuntime/7.26.1", "latency": "55.132µs"}
2020-08-20T11:45:35+08:00	INFO	/testTemp	{"status": 200, "method": "GET", "path": "/testTemp", "query": "", "ip": "::1", "user-agent": "PostmanRuntime/7.26.1", "latency": "36.966µs"}
2020-08-20T11:45:35+08:00	INFO	/testTemp	{"status": 200, "method": "GET", "path": "/testTemp", "query": "", "ip": "::1", "user-agent": "PostmanRuntime/7.26.1", "latency": "113.055µs"}
2020-08-20T11:45:36+08:00	INFO	/testTemp	{"status": 200, "method": "GET", "path": "/testTemp", "query": "", "ip": "::1", "user-agent": "PostmanRuntime/7.26.1", "latency": "60.992µs"}
2020-08-20T11:45:36+08:00	INFO	/testTemp	{"status": 200, "method": "GET", "path": "/testTemp", "query": "", "ip": "::1", "user-agent": "PostmanRuntime/7.26.1", "latency": "69.964µs"}
2020-08-20T11:45:36+08:00	INFO	/testTemp	{"status": 200, "method": "GET", "path": "/testTemp", "query": "", "ip": "::1", "user-agent": "PostmanRuntime/7.26.1", "latency": "69.229µs"}
2020-08-20T11:45:37+08:00	INFO	/testTemp	{"status": 200, "method": "GET", "path": "/testTemp", "query": "", "ip": "::1", "user-agent": "PostmanRuntime/7.26.1", "latency": "55.825µs"}
2020-08-20T11:45:37+08:00	INFO	/testTemp	{"status": 200, "method": "GET", "path": "/testTemp", "query": "", "ip": "::1", "user-agent": "PostmanRuntime/7.26.1", "latency": "83.488µs"}
2020-08-20T11:45:38+08:00	INFO	/testTemp	{"status": 200, "method": "GET", "path": "/testTemp", "query": "", "ip": "::1", "user-agent": "PostmanRuntime/7.26.1", "latency": "74.905µs"}
2020-08-20T11:46:14+08:00	INFO	/testTemp	{"status": 200, "method": "GET", "path": "/testTemp", "query": "", "ip": "::1", "user-agent": "PostmanRuntime/7.26.1", "latency": "764.636µs"}
2020-08-20T11:46:14+08:00	INFO	/testTemp	{"status": 200, "method": "GET", "path": "/testTemp", "query": "", "ip": "::1", "user-agent": "PostmanRuntime/7.26.1", "latency": "399.129µs"}
2020-08-20T11:46:14+08:00	INFO	/testTemp	{"status": 200, "method": "GET", "path": "/testTemp", "query": "", "ip": "::1", "user-agent": "PostmanRuntime/7.26.1", "latency": "345.16µs"}
2020-08-20T11:46:15+08:00	INFO	/testTemp	{"status": 200, "method": "GET", "path": "/testTemp", "query": "", "ip": "::1", "user-agent": "PostmanRuntime/7.26.1", "latency": "424.9µs"}
2020-08-20T11:46:15+08:00	INFO	/testTemp	{"status": 200, "method": "GET", "path": "/testTemp", "query": "", "ip": "::1", "user-agent": "PostmanRuntime/7.26.1", "latency": "410.38µs"}
2020-08-20T11:46:16+08:00	INFO	/testTemp	{"status": 200, "method": "GET", "path": "/testTemp", "query": "", "ip": "::1", "user-agent": "PostmanRuntime/7.26.1", "latency": "447.73µs"}
2020-08-20T11:46:16+08:00	INFO	/testTemp	{"status": 200, "method": "GET", "path": "/testTemp", "query": "", "ip": "::1", "user-agent": "PostmanRuntime/7.26.1", "latency": "423.808µs"}
2020-08-20T11:46:16+08:00	INFO	/testTemp	{"status": 200, "method": "GET", "path": "/testTemp", "query": "", "ip": "::1", "user-agent": "PostmanRuntime/7.26.1", "latency": "302.7µs"}
2020-08-20T11:46:17+08:00	INFO	/testTemp	{"status": 200, "method": "GET", "path": "/testTemp", "query": "", "ip": "::1", "user-agent": "PostmanRuntime/7.26.1", "latency": "423.714µs"}
2020-08-20T11:46:17+08:00	INFO	/testTemp	{"status": 200, "method": "GET", "path": "/testTemp", "query": "", "ip": "::1", "user-agent": "PostmanRuntime/7.26.1", "latency": "385.379µs"}
2020-08-20T11:46:17+08:00	INFO	/testTemp	{"status": 200, "method": "GET", "path": "/testTemp", "query": "", "ip": "::1", "user-agent": "PostmanRuntime/7.26.1", "latency": "372.508µs"}
2020-08-20T11:46:18+08:00	INFO	/testTemp	{"status": 200, "method": "GET", "path": "/testTemp", "query": "", "ip": "::1", "user-agent": "PostmanRuntime/7.26.1", "latency": "372.261µs"}
2020-08-20T11:46:19+08:00	INFO	/testTemp	{"status": 200, "method": "GET", "path": "/testTemp", "query": "", "ip": "::1", "user-agent": "PostmanRuntime/7.26.1", "latency": "426.237µs"}
2020-08-20T11:46:19+08:00	INFO	/testTemp	{"status": 200, "method": "GET", "path": "/testTemp", "query": "", "ip": "::1", "user-agent": "PostmanRuntime/7.26.1", "latency": "369.936µs"}
2020-08-20T11:46:20+08:00	INFO	/testTemp	{"status": 200, "method": "GET", "path": "/testTemp", "query": "", "ip": "::1", "user-agent": "PostmanRuntime/7.26.1", "latency": "384.332µs"}
2020-08-20T11:47:11+08:00	INFO	/testTemp	{"status": 200, "method": "GET", "path": "/testTemp", "query": "", "ip": "::1", "user-agent": "PostmanRuntime/7.26.1", "latency": "321.836µs"}
2020-08-20T11:47:12+08:00	INFO	/testTemp	{"status": 200, "method": "GET", "path": "/testTemp", "query": "", "ip": "::1", "user-agent": "PostmanRuntime/7.26.1", "latency": "155.4µs"}
2020-08-20T11:47:12+08:00	INFO	/testTemp	{"status": 200, "method": "GET", "path": "/testTemp", "query": "", "ip": "::1", "user-agent": "PostmanRuntime/7.26.1", "latency": "76.245µs"}
2020-08-20T11:47:13+08:00	INFO	/testTemp	{"status": 200, "method": "GET", "path": "/testTemp", "query": "", "ip": "::1", "user-agent": "PostmanRuntime/7.26.1", "latency": "44.961µs"}
2020-08-20T11:47:13+08:00	INFO	/testTemp	{"status": 200, "method": "GET", "path": "/testTemp", "query": "", "ip": "::1", "user-agent": "PostmanRuntime/7.26.1", "latency": "44.583µs"}
2020-08-20T11:47:13+08:00	INFO	/testTemp	{"status": 200, "method": "GET", "path": "/testTemp", "query": "", "ip": "::1", "user-agent": "PostmanRuntime/7.26.1", "latency": "118.084µs"}
2020-08-20T11:47:14+08:00	INFO	/testTemp	{"status": 200, "method": "GET", "path": "/testTemp", "query": "", "ip": "::1", "user-agent": "PostmanRuntime/7.26.1", "latency": "49.655µs"}
2020-08-20T11:47:14+08:00	INFO	/testTemp	{"status": 200, "method": "GET", "path": "/testTemp", "query": "", "ip": "::1", "user-agent": "PostmanRuntime/7.26.1", "latency": "57.886µs"}
2020-08-20T11:47:15+08:00	INFO	/testTemp	{"status": 200, "method": "GET", "path": "/testTemp", "query": "", "ip": "::1", "user-agent": "PostmanRuntime/7.26.1", "latency": "85.412µs"}
2020-08-20T11:47:15+08:00	INFO	/testTemp	{"status": 200, "method": "GET", "path": "/testTemp", "query": "", "ip": "::1", "user-agent": "PostmanRuntime/7.26.1", "latency": "42.327µs"}
2020-08-20T11:47:16+08:00	INFO	/testTemp	{"status": 200, "method": "GET", "path": "/testTemp", "query": "", "ip": "::1", "user-agent": "PostmanRuntime/7.26.1", "latency": "97.69µs"}
2020-08-20T11:47:16+08:00	INFO	/testTemp	{"status": 200, "method": "GET", "path": "/testTemp", "query": "", "ip": "::1", "user-agent": "PostmanRuntime/7.26.1", "latency": "42.39µs"}
2020-08-20T11:47:17+08:00	INFO	/testTemp	{"status": 200, "method": "GET", "path": "/testTemp", "query": "", "ip": "::1", "user-agent": "PostmanRuntime/7.26.1", "latency": "45.184µs"}
2020-08-20T11:47:17+08:00	INFO	/testTemp	{"status": 200, "method": "GET", "path": "/testTemp", "query": "", "ip": "::1", "user-agent": "PostmanRuntime/7.26.1", "latency": "46.955µs"}
2020-08-20T11:47:17+08:00	INFO	/testTemp	{"status": 200, "method": "GET", "path": "/testTemp", "query": "", "ip": "::1", "user-agent": "PostmanRuntime/7.26.1", "latency": "73.125µs"}
2020-08-20T11:47:18+08:00	INFO	/testTemp	{"status": 200, "method": "GET", "path": "/testTemp", "query": "", "ip": "::1", "user-agent": "PostmanRuntime/7.26.1", "latency": "46.447µs"}
